d:\desenvolvimento\projetos\game-engine\engine\gamebase\debug\vc142.pdb
d:\desenvolvimento\projetos\game-engine\engine\gamebase\debug\vc142.idb
d:\desenvolvimento\projetos\game-engine\engine\gamebase\debug\windowentity.obj
d:\desenvolvimento\projetos\game-engine\engine\gamebase\debug\tile.obj
d:\desenvolvimento\projetos\game-engine\engine\gamebase\debug\texture.obj
d:\desenvolvimento\projetos\game-engine\engine\gamebase\debug\stb_image.obj
d:\desenvolvimento\projetos\game-engine\engine\gamebase\debug\spriteutils.obj
d:\desenvolvimento\projetos\game-engine\engine\gamebase\debug\spriterenderer.obj
d:\desenvolvimento\projetos\game-engine\engine\gamebase\debug\spriteanimation.obj
d:\desenvolvimento\projetos\game-engine\engine\gamebase\debug\sprite.obj
d:\desenvolvimento\projetos\game-engine\engine\gamebase\debug\shader.obj
d:\desenvolvimento\projetos\game-engine\engine\gamebase\debug\resource_manager.obj
d:\desenvolvimento\projetos\game-engine\engine\gamebase\debug\gameentity.obj
d:\desenvolvimento\projetos\game-engine\engine\gamebase\debug\gamebase.obj
d:\desenvolvimento\projetos\game-engine\engine\gamebase\debug\game.obj
d:\desenvolvimento\projetos\game-engine\engine\gamebase\debug\entity.obj
d:\desenvolvimento\projetos\game-engine\engine\gamebase\debug\creature.obj
d:\desenvolvimento\projetos\game-engine\engine\gamebase\debug\collisionbox.obj
d:\desenvolvimento\projetos\game-engine\engine\gamebase\debug\camera2d.obj
d:\desenvolvimento\projetos\game-engine\engine\gamebase\debug\gamebase.pdb
d:\desenvolvimento\projetos\game-engine\engine\gamebase\debug\gamebase.tlog\cl.command.1.tlog
d:\desenvolvimento\projetos\game-engine\engine\gamebase\debug\gamebase.tlog\cl.read.1.tlog
d:\desenvolvimento\projetos\game-engine\engine\gamebase\debug\gamebase.tlog\cl.write.1.tlog
d:\desenvolvimento\projetos\game-engine\engine\gamebase\debug\gamebase.tlog\link-cvtres.read.1.tlog
d:\desenvolvimento\projetos\game-engine\engine\gamebase\debug\gamebase.tlog\link-cvtres.write.1.tlog
d:\desenvolvimento\projetos\game-engine\engine\gamebase\debug\gamebase.tlog\link-rc.read.1.tlog
d:\desenvolvimento\projetos\game-engine\engine\gamebase\debug\gamebase.tlog\link-rc.write.1.tlog
d:\desenvolvimento\projetos\game-engine\engine\gamebase\debug\gamebase.tlog\link.command.1.tlog
d:\desenvolvimento\projetos\game-engine\engine\gamebase\debug\gamebase.tlog\link.read.1.tlog
d:\desenvolvimento\projetos\game-engine\engine\gamebase\debug\gamebase.tlog\link.write.1.tlog
